# JRE version: OpenJDK Runtime Environment (11.0.10) (build 11.0.10+0-b96-7249189)
# Java VM: OpenJDK 64-Bit Server VM (11.0.10+0-b96-7249189, mixed mode, tiered, compressed oops, g1 gc, windows-amd64)
Heap:
 garbage-first heap   total 206848K, used 127746K [0x0000000080000000, 0x0000000100000000)
  region size 1024K, 38 young (38912K), 2 survivors (2048K)
 Metaspace       used 92570K, capacity 94775K, committed 94848K, reserved 1132544K
  class space    used 11605K, capacity 12408K, committed 12416K, reserved 1048576K
GC Heap History (20 events):
Event: 197.708 GC heap before
{Heap before GC invocations=103 (full 0):
 garbage-first heap   total 143360K, used 103748K [0x0000000080000000, 0x0000000100000000)
  region size 1024K, 15 young (15360K), 2 survivors (2048K)
 Metaspace       used 86788K, capacity 88844K, committed 89088K, reserved 1126400K
  class space    used 10963K, capacity 11707K, committed 11776K, reserved 1048576K
}
Event: 197.722 GC heap after
{Heap after GC invocations=104 (full 0):
 garbage-first heap   total 143360K, used 92839K [0x0000000080000000, 0x0000000100000000)
  region size 1024K, 2 young (2048K), 2 survivors (2048K)
 Metaspace       used 86788K, capacity 88844K, committed 89088K, reserved 1126400K
  class space    used 10963K, capacity 11707K, committed 11776K, reserved 1048576K
}
Event: 197.901 GC heap before
{Heap before GC invocations=104 (full 0):
 garbage-first heap   total 143360K, used 96935K [0x0000000080000000, 0x0000000100000000)
  region size 1024K, 7 young (7168K), 2 survivors (2048K)
 Metaspace       used 86969K, capacity 89016K, committed 89088K, reserved 1126400K
  class space    used 10974K, capacity 11741K, committed 11776K, reserved 1048576K
}
Event: 197.915 GC heap after
{Heap after GC invocations=105 (full 0):
 garbage-first heap   total 143360K, used 86009K [0x0000000080000000, 0x0000000100000000)
  region size 1024K, 1 young (1024K), 1 survivors (1024K)
 Metaspace       used 86969K, capacity 89016K, committed 89088K, reserved 1126400K
  class space    used 10974K, capacity 11741K, committed 11776K, reserved 1048576K
}
Event: 198.623 GC heap before
{Heap before GC invocations=105 (full 0):
 garbage-first heap   total 143360K, used 104441K [0x0000000080000000, 0x0000000100000000)
  region size 1024K, 20 young (20480K), 1 survivors (1024K)
 Metaspace       used 87589K, capacity 89653K, committed 89984K, reserved 1128448K
  class space    used 11032K, capacity 11782K, committed 11904K, reserved 1048576K
}
Event: 198.639 GC heap after
{Heap after GC invocations=106 (full 0):
 garbage-first heap   total 143360K, used 89396K [0x0000000080000000, 0x0000000100000000)
  region size 1024K, 3 young (3072K), 3 survivors (3072K)
 Metaspace       used 87589K, capacity 89653K, committed 89984K, reserved 1128448K
  class space    used 11032K, capacity 11782K, committed 11904K, reserved 1048576K
}
Event: 200.079 GC heap before
{Heap before GC invocations=107 (full 0):
 garbage-first heap   total 143360K, used 110900K [0x0000000080000000, 0x0000000100000000)
  region size 1024K, 23 young (23552K), 3 survivors (3072K)
 Metaspace       used 87698K, capacity 89823K, committed 89984K, reserved 1128448K
  class space    used 11043K, capacity 11789K, committed 11904K, reserved 1048576K
}
Event: 200.098 GC heap after
{Heap after GC invocations=108 (full 0):
 garbage-first heap   total 172032K, used 91817K [0x0000000080000000, 0x0000000100000000)
  region size 1024K, 3 young (3072K), 3 survivors (3072K)
 Metaspace       used 87698K, capacity 89823K, committed 89984K, reserved 1128448K
  class space    used 11043K, capacity 11789K, committed 11904K, reserved 1048576K
}
Event: 200.582 GC heap before
{Heap before GC invocations=108 (full 0):
 garbage-first heap   total 172032K, used 95913K [0x0000000080000000, 0x0000000100000000)
  region size 1024K, 8 young (8192K), 3 survivors (3072K)
 Metaspace       used 87751K, capacity 89833K, committed 89984K, reserved 1128448K
  class space    used 11043K, capacity 11789K, committed 11904K, reserved 1048576K
}
Event: 200.592 GC heap after
{Heap after GC invocations=109 (full 0):
 garbage-first heap   total 172032K, used 90533K [0x0000000080000000, 0x0000000100000000)
  region size 1024K, 1 young (1024K), 1 survivors (1024K)
 Metaspace       used 87751K, capacity 89833K, committed 89984K, reserved 1128448K
  class space    used 11043K, capacity 11789K, committed 11904K, reserved 1048576K
}
Event: 203.535 GC heap before
{Heap before GC invocations=109 (full 0):
 garbage-first heap   total 172032K, used 119205K [0x0000000080000000, 0x0000000100000000)
  region size 1024K, 30 young (30720K), 1 survivors (1024K)
 Metaspace       used 88300K, capacity 90377K, committed 90496K, reserved 1128448K
  class space    used 11088K, capacity 11842K, committed 11904K, reserved 1048576K
}
Event: 203.547 GC heap after
{Heap after GC invocations=110 (full 0):
 garbage-first heap   total 172032K, used 92294K [0x0000000080000000, 0x0000000100000000)
  region size 1024K, 3 young (3072K), 3 survivors (3072K)
 Metaspace       used 88300K, capacity 90377K, committed 90496K, reserved 1128448K
  class space    used 11088K, capacity 11842K, committed 11904K, reserved 1048576K
}
Event: 205.249 GC heap before
{Heap before GC invocations=111 (full 0):
 garbage-first heap   total 172032K, used 121990K [0x0000000080000000, 0x0000000100000000)
  region size 1024K, 33 young (33792K), 3 survivors (3072K)
 Metaspace       used 89492K, capacity 91633K, committed 91904K, reserved 1128448K
  class space    used 11252K, capacity 12002K, committed 12032K, reserved 1048576K
}
Event: 205.267 GC heap after
{Heap after GC invocations=112 (full 0):
 garbage-first heap   total 172032K, used 92698K [0x0000000080000000, 0x0000000100000000)
  region size 1024K, 4 young (4096K), 4 survivors (4096K)
 Metaspace       used 89492K, capacity 91633K, committed 91904K, reserved 1128448K
  class space    used 11252K, capacity 12002K, committed 12032K, reserved 1048576K
}
Event: 205.342 GC heap before
{Heap before GC invocations=112 (full 0):
 garbage-first heap   total 172032K, used 96794K [0x0000000080000000, 0x0000000100000000)
  region size 1024K, 8 young (8192K), 4 survivors (4096K)
 Metaspace       used 89780K, capacity 91857K, committed 92032K, reserved 1128448K
  class space    used 11292K, capacity 12034K, committed 12160K, reserved 1048576K
}
Event: 205.360 GC heap after
{Heap after GC invocations=113 (full 0):
 garbage-first heap   total 172032K, used 88564K [0x0000000080000000, 0x0000000100000000)
  region size 1024K, 1 young (1024K), 1 survivors (1024K)
 Metaspace       used 89780K, capacity 91857K, committed 92032K, reserved 1128448K
  class space    used 11292K, capacity 12034K, committed 12160K, reserved 1048576K
}
Event: 206.718 GC heap before
{Heap before GC invocations=113 (full 0):
 garbage-first heap   total 172032K, used 123380K [0x0000000080000000, 0x0000000100000000)
  region size 1024K, 36 young (36864K), 1 survivors (1024K)
 Metaspace       used 91661K, capacity 93816K, committed 93952K, reserved 1130496K
  class space    used 11498K, capacity 12258K, committed 12288K, reserved 1048576K
}
Event: 206.733 GC heap after
{Heap after GC invocations=114 (full 0):
 garbage-first heap   total 172032K, used 90847K [0x0000000080000000, 0x0000000100000000)
  region size 1024K, 3 young (3072K), 3 survivors (3072K)
 Metaspace       used 91661K, capacity 93816K, committed 93952K, reserved 1130496K
  class space    used 11498K, capacity 12258K, committed 12288K, reserved 1048576K
}
Event: 215.179 GC heap before
{Heap before GC invocations=114 (full 0):
 garbage-first heap   total 172032K, used 126687K [0x0000000080000000, 0x0000000100000000)
  region size 1024K, 39 young (39936K), 3 survivors (3072K)
 Metaspace       used 92034K, capacity 94206K, committed 94336K, reserved 1130496K
  class space    used 11540K, capacity 12322K, committed 12416K, reserved 1048576K
}
Event: 215.202 GC heap after
{Heap after GC invocations=115 (full 0):
 garbage-first heap   total 206848K, used 92930K [0x0000000080000000, 0x0000000100000000)
  region size 1024K, 2 young (2048K), 2 survivors (2048K)
 Metaspace       used 92034K, capacity 94206K, committed 94336K, reserved 1130496K
  class space    used 11540K, capacity 12322K, committed 12416K, reserved 1048576K
}

