# JRE version: OpenJDK Runtime Environment (11.0.10) (build 11.0.10+0-b96-7249189)
# Java VM: OpenJDK 64-Bit Server VM (11.0.10+0-b96-7249189, mixed mode, tiered, compressed oops, g1 gc, windows-amd64)
Heap:
 garbage-first heap   total 517120K, used 414720K [0x0000000080000000, 0x0000000100000000)
  region size 1024K, 103 young (105472K), 6 survivors (6144K)
 Metaspace       used 116094K, capacity 119064K, committed 119116K, reserved 1153024K
  class space    used 14325K, capacity 15460K, committed 15488K, reserved 1048576K
GC Heap History (20 events):
Event: 93.328 GC heap after
{Heap after GC invocations=64 (full 0):
 garbage-first heap   total 350208K, used 228352K [0x0000000080000000, 0x0000000100000000)
  region size 1024K, 6 young (6144K), 6 survivors (6144K)
 Metaspace       used 110449K, capacity 112979K, committed 113228K, reserved 1146880K
  class space    used 13910K, capacity 14859K, committed 14976K, reserved 1048576K
}
Event: 93.697 GC heap before
{Heap before GC invocations=64 (full 0):
 garbage-first heap   total 350208K, used 238592K [0x0000000080000000, 0x0000000100000000)
  region size 1024K, 17 young (17408K), 6 survivors (6144K)
 Metaspace       used 110613K, capacity 113166K, committed 113484K, reserved 1148928K
  class space    used 13934K, capacity 14876K, committed 14976K, reserved 1048576K
}
Event: 93.796 GC heap after
{Heap after GC invocations=65 (full 0):
 garbage-first heap   total 443392K, used 223232K [0x0000000080000000, 0x0000000100000000)
  region size 1024K, 2 young (2048K), 2 survivors (2048K)
 Metaspace       used 110613K, capacity 113166K, committed 113484K, reserved 1148928K
  class space    used 13934K, capacity 14876K, committed 14976K, reserved 1048576K
}
Event: 95.539 GC heap before
{Heap before GC invocations=65 (full 0):
 garbage-first heap   total 443392K, used 285696K [0x0000000080000000, 0x0000000100000000)
  region size 1024K, 61 young (62464K), 2 survivors (2048K)
 Metaspace       used 110999K, capacity 113608K, committed 113740K, reserved 1148928K
  class space    used 13970K, capacity 14931K, committed 14976K, reserved 1048576K
}
Event: 95.599 GC heap after
{Heap after GC invocations=66 (full 0):
 garbage-first heap   total 443392K, used 230652K [0x0000000080000000, 0x0000000100000000)
  region size 1024K, 8 young (8192K), 8 survivors (8192K)
 Metaspace       used 110999K, capacity 113608K, committed 113740K, reserved 1148928K
  class space    used 13970K, capacity 14931K, committed 14976K, reserved 1048576K
}
Event: 96.690 GC heap before
{Heap before GC invocations=66 (full 0):
 garbage-first heap   total 443392K, used 276732K [0x0000000080000000, 0x0000000100000000)
  region size 1024K, 48 young (49152K), 8 survivors (8192K)
 Metaspace       used 111038K, capacity 113608K, committed 113740K, reserved 1148928K
  class space    used 13973K, capacity 14931K, committed 14976K, reserved 1048576K
}
Event: 96.778 GC heap after
{Heap after GC invocations=67 (full 0):
 garbage-first heap   total 443392K, used 238336K [0x0000000080000000, 0x0000000100000000)
  region size 1024K, 5 young (5120K), 5 survivors (5120K)
 Metaspace       used 111038K, capacity 113608K, committed 113740K, reserved 1148928K
  class space    used 13973K, capacity 14931K, committed 14976K, reserved 1048576K
}
Event: 100.031 GC heap before
{Heap before GC invocations=67 (full 0):
 garbage-first heap   total 443392K, used 321280K [0x0000000080000000, 0x0000000100000000)
  region size 1024K, 75 young (76800K), 5 survivors (5120K)
 Metaspace       used 112086K, capacity 114764K, committed 114892K, reserved 1148928K
  class space    used 14055K, capacity 15051K, committed 15104K, reserved 1048576K
}
Event: 100.114 GC heap after
{Heap after GC invocations=68 (full 0):
 garbage-first heap   total 443392K, used 258560K [0x0000000080000000, 0x0000000100000000)
  region size 1024K, 10 young (10240K), 10 survivors (10240K)
 Metaspace       used 112086K, capacity 114764K, committed 114892K, reserved 1148928K
  class space    used 14055K, capacity 15051K, committed 15104K, reserved 1048576K
}
Event: 102.035 GC heap before
{Heap before GC invocations=68 (full 0):
 garbage-first heap   total 443392K, used 343552K [0x0000000080000000, 0x0000000100000000)
  region size 1024K, 83 young (84992K), 10 survivors (10240K)
 Metaspace       used 112580K, capacity 115198K, committed 115404K, reserved 1148928K
  class space    used 14097K, capacity 15103K, committed 15104K, reserved 1048576K
}
Event: 102.129 GC heap after
{Heap after GC invocations=69 (full 0):
 garbage-first heap   total 517120K, used 277504K [0x0000000080000000, 0x0000000100000000)
  region size 1024K, 9 young (9216K), 9 survivors (9216K)
 Metaspace       used 112580K, capacity 115198K, committed 115404K, reserved 1148928K
  class space    used 14097K, capacity 15103K, committed 15104K, reserved 1048576K
}
Event: 104.907 GC heap before
{Heap before GC invocations=69 (full 0):
 garbage-first heap   total 517120K, used 375808K [0x0000000080000000, 0x0000000100000000)
  region size 1024K, 91 young (93184K), 9 survivors (9216K)
 Metaspace       used 113385K, capacity 116106K, committed 116300K, reserved 1150976K
  class space    used 14158K, capacity 15213K, committed 15232K, reserved 1048576K
}
Event: 105.003 GC heap after
{Heap after GC invocations=70 (full 0):
 garbage-first heap   total 517120K, used 303104K [0x0000000080000000, 0x0000000100000000)
  region size 1024K, 12 young (12288K), 12 survivors (12288K)
 Metaspace       used 113385K, capacity 116106K, committed 116300K, reserved 1150976K
  class space    used 14158K, capacity 15213K, committed 15232K, reserved 1048576K
}
Event: 106.604 GC heap before
{Heap before GC invocations=70 (full 0):
 garbage-first heap   total 517120K, used 393216K [0x0000000080000000, 0x0000000100000000)
  region size 1024K, 100 young (102400K), 12 survivors (12288K)
 Metaspace       used 113601K, capacity 116384K, committed 116556K, reserved 1150976K
  class space    used 14162K, capacity 15216K, committed 15232K, reserved 1048576K
}
Event: 106.669 GC heap after
{Heap after GC invocations=71 (full 0):
 garbage-first heap   total 517120K, used 305664K [0x0000000080000000, 0x0000000100000000)
  region size 1024K, 3 young (3072K), 3 survivors (3072K)
 Metaspace       used 113601K, capacity 116384K, committed 116556K, reserved 1150976K
  class space    used 14162K, capacity 15216K, committed 15232K, reserved 1048576K
}
Event: 114.814 GC heap before
{Heap before GC invocations=71 (full 0):
 garbage-first heap   total 517120K, used 399872K [0x0000000080000000, 0x0000000100000000)
  region size 1024K, 95 young (97280K), 3 survivors (3072K)
 Metaspace       used 115370K, capacity 118390K, committed 118604K, reserved 1153024K
  class space    used 14318K, capacity 15455K, committed 15488K, reserved 1048576K
}
Event: 114.866 GC heap after
{Heap after GC invocations=72 (full 0):
 garbage-first heap   total 517120K, used 311720K [0x0000000080000000, 0x0000000100000000)
  region size 1024K, 9 young (9216K), 9 survivors (9216K)
 Metaspace       used 115370K, capacity 118390K, committed 118604K, reserved 1153024K
  class space    used 14318K, capacity 15455K, committed 15488K, reserved 1048576K
}
Event: 119.506 GC heap before
{Heap before GC invocations=72 (full 0):
 garbage-first heap   total 517120K, used 407976K [0x0000000080000000, 0x0000000100000000)
  region size 1024K, 103 young (105472K), 9 survivors (9216K)
 Metaspace       used 115981K, capacity 118930K, committed 119116K, reserved 1153024K
  class space    used 14325K, capacity 15460K, committed 15488K, reserved 1048576K
}
Event: 119.583 GC heap after
{Heap after GC invocations=73 (full 0):
 garbage-first heap   total 517120K, used 315392K [0x0000000080000000, 0x0000000100000000)
  region size 1024K, 10 young (10240K), 10 survivors (10240K)
 Metaspace       used 115981K, capacity 118930K, committed 119116K, reserved 1153024K
  class space    used 14325K, capacity 15460K, committed 15488K, reserved 1048576K
}
Event: 123.041 GC heap before
{Heap before GC invocations=73 (full 0):
 garbage-first heap   total 517120K, used 414720K [0x0000000080000000, 0x0000000100000000)
  region size 1024K, 107 young (109568K), 10 survivors (10240K)
 Metaspace       used 116094K, capacity 119064K, committed 119116K, reserved 1153024K
  class space    used 14325K, capacity 15460K, committed 15488K, reserved 1048576K
}

