# JRE version: OpenJDK Runtime Environment (11.0.10) (build 11.0.10+0-b96-7249189)
# Java VM: OpenJDK 64-Bit Server VM (11.0.10+0-b96-7249189, mixed mode, tiered, compressed oops, g1 gc, windows-amd64)
Heap:
 garbage-first heap   total 134144K, used 105447K [0x0000000080000000, 0x0000000100000000)
  region size 1024K, 50 young (51200K), 7 survivors (7168K)
 Metaspace       used 77089K, capacity 78851K, committed 79052K, reserved 1118208K
  class space    used 10032K, capacity 10690K, committed 10752K, reserved 1048576K
GC Heap History (20 events):
Event: 11.244 GC heap after
{Heap after GC invocations=17 (full 0):
 garbage-first heap   total 92160K, used 28685K [0x0000000080000000, 0x0000000100000000)
  region size 1024K, 3 young (3072K), 3 survivors (3072K)
 Metaspace       used 43917K, capacity 44946K, committed 45184K, reserved 1089536K
  class space    used 5609K, capacity 5971K, committed 6016K, reserved 1048576K
}
Event: 12.595 GC heap before
{Heap before GC invocations=17 (full 0):
 garbage-first heap   total 92160K, used 61453K [0x0000000080000000, 0x0000000100000000)
  region size 1024K, 35 young (35840K), 3 survivors (3072K)
 Metaspace       used 46306K, capacity 47511K, committed 47616K, reserved 1091584K
  class space    used 5907K, capacity 6355K, committed 6400K, reserved 1048576K
}
Event: 12.613 GC heap after
{Heap after GC invocations=18 (full 0):
 garbage-first heap   total 111616K, used 30916K [0x0000000080000000, 0x0000000100000000)
  region size 1024K, 5 young (5120K), 5 survivors (5120K)
 Metaspace       used 46306K, capacity 47511K, committed 47616K, reserved 1091584K
  class space    used 5907K, capacity 6355K, committed 6400K, reserved 1048576K
}
Event: 18.105 GC heap before
{Heap before GC invocations=18 (full 0):
 garbage-first heap   total 111616K, used 76996K [0x0000000080000000, 0x0000000100000000)
  region size 1024K, 47 young (48128K), 5 survivors (5120K)
 Metaspace       used 48357K, capacity 49649K, committed 49920K, reserved 1093632K
  class space    used 6167K, capacity 6621K, committed 6656K, reserved 1048576K
}
Event: 18.127 GC heap after
{Heap after GC invocations=19 (full 0):
 garbage-first heap   total 111616K, used 41551K [0x0000000080000000, 0x0000000100000000)
  region size 1024K, 6 young (6144K), 6 survivors (6144K)
 Metaspace       used 48357K, capacity 49649K, committed 49920K, reserved 1093632K
  class space    used 6167K, capacity 6621K, committed 6656K, reserved 1048576K
}
Event: 20.524 GC heap before
{Heap before GC invocations=19 (full 0):
 garbage-first heap   total 111616K, used 79439K [0x0000000080000000, 0x0000000100000000)
  region size 1024K, 43 young (44032K), 6 survivors (6144K)
 Metaspace       used 53706K, capacity 55049K, committed 55296K, reserved 1097728K
  class space    used 6820K, capacity 7332K, committed 7424K, reserved 1048576K
}
Event: 20.550 GC heap after
{Heap after GC invocations=20 (full 0):
 garbage-first heap   total 111616K, used 43783K [0x0000000080000000, 0x0000000100000000)
  region size 1024K, 2 young (2048K), 2 survivors (2048K)
 Metaspace       used 53706K, capacity 55049K, committed 55296K, reserved 1097728K
  class space    used 6820K, capacity 7332K, committed 7424K, reserved 1048576K
}
Event: 22.684 GC heap before
{Heap before GC invocations=20 (full 0):
 garbage-first heap   total 111616K, used 73479K [0x0000000080000000, 0x0000000100000000)
  region size 1024K, 32 young (32768K), 2 survivors (2048K)
 Metaspace       used 58576K, capacity 59990K, committed 60160K, reserved 1101824K
  class space    used 7405K, capacity 7931K, committed 7936K, reserved 1048576K
}
Event: 22.695 GC heap after
{Heap after GC invocations=21 (full 0):
 garbage-first heap   total 111616K, used 45622K [0x0000000080000000, 0x0000000100000000)
  region size 1024K, 4 young (4096K), 4 survivors (4096K)
 Metaspace       used 58576K, capacity 59990K, committed 60160K, reserved 1101824K
  class space    used 7405K, capacity 7931K, committed 7936K, reserved 1048576K
}
Event: 24.212 GC heap before
{Heap before GC invocations=22 (full 0):
 garbage-first heap   total 111616K, used 81462K [0x0000000080000000, 0x0000000100000000)
  region size 1024K, 40 young (40960K), 4 survivors (4096K)
 Metaspace       used 62079K, capacity 63569K, committed 63692K, reserved 1103872K
  class space    used 7835K, capacity 8392K, committed 8448K, reserved 1048576K
}
Event: 24.234 GC heap after
{Heap after GC invocations=23 (full 0):
 garbage-first heap   total 111616K, used 48772K [0x0000000080000000, 0x0000000100000000)
  region size 1024K, 5 young (5120K), 5 survivors (5120K)
 Metaspace       used 62079K, capacity 63569K, committed 63692K, reserved 1103872K
  class space    used 7835K, capacity 8392K, committed 8448K, reserved 1048576K
}
Event: 25.536 GC heap before
{Heap before GC invocations=23 (full 0):
 garbage-first heap   total 111616K, used 85636K [0x0000000080000000, 0x0000000100000000)
  region size 1024K, 41 young (41984K), 5 survivors (5120K)
 Metaspace       used 63639K, capacity 65248K, committed 65484K, reserved 1105920K
  class space    used 8071K, capacity 8644K, committed 8704K, reserved 1048576K
}
Event: 25.563 GC heap after
{Heap after GC invocations=24 (full 0):
 garbage-first heap   total 134144K, used 51973K [0x0000000080000000, 0x0000000100000000)
  region size 1024K, 4 young (4096K), 4 survivors (4096K)
 Metaspace       used 63639K, capacity 65248K, committed 65484K, reserved 1105920K
  class space    used 8071K, capacity 8644K, committed 8704K, reserved 1048576K
}
Event: 27.036 GC heap before
{Heap before GC invocations=24 (full 0):
 garbage-first heap   total 134144K, used 96005K [0x0000000080000000, 0x0000000100000000)
  region size 1024K, 47 young (48128K), 4 survivors (4096K)
 Metaspace       used 66871K, capacity 68423K, committed 68556K, reserved 1107968K
  class space    used 8598K, capacity 9167K, committed 9216K, reserved 1048576K
}
Event: 27.054 GC heap after
{Heap after GC invocations=25 (full 0):
 garbage-first heap   total 134144K, used 55003K [0x0000000080000000, 0x0000000100000000)
  region size 1024K, 6 young (6144K), 6 survivors (6144K)
 Metaspace       used 66871K, capacity 68423K, committed 68556K, reserved 1107968K
  class space    used 8598K, capacity 9167K, committed 9216K, reserved 1048576K
}
Event: 28.265 GC heap before
{Heap before GC invocations=25 (full 0):
 garbage-first heap   total 134144K, used 101083K [0x0000000080000000, 0x0000000100000000)
  region size 1024K, 51 young (52224K), 6 survivors (6144K)
 Metaspace       used 69241K, capacity 70885K, committed 70988K, reserved 1110016K
  class space    used 8945K, capacity 9551K, committed 9600K, reserved 1048576K
}
Event: 28.296 GC heap after
{Heap after GC invocations=26 (full 0):
 garbage-first heap   total 134144K, used 58642K [0x0000000080000000, 0x0000000100000000)
  region size 1024K, 7 young (7168K), 7 survivors (7168K)
 Metaspace       used 69241K, capacity 70885K, committed 70988K, reserved 1110016K
  class space    used 8945K, capacity 9551K, committed 9600K, reserved 1048576K
}
Event: 29.907 GC heap before
{Heap before GC invocations=26 (full 0):
 garbage-first heap   total 134144K, used 102674K [0x0000000080000000, 0x0000000100000000)
  region size 1024K, 50 young (51200K), 7 survivors (7168K)
 Metaspace       used 72934K, capacity 74729K, committed 74956K, reserved 1114112K
  class space    used 9525K, capacity 10162K, committed 10240K, reserved 1048576K
}
Event: 29.938 GC heap after
{Heap after GC invocations=27 (full 0):
 garbage-first heap   total 134144K, used 61415K [0x0000000080000000, 0x0000000100000000)
  region size 1024K, 6 young (6144K), 6 survivors (6144K)
 Metaspace       used 72934K, capacity 74729K, committed 74956K, reserved 1114112K
  class space    used 9525K, capacity 10162K, committed 10240K, reserved 1048576K
}
Event: 31.888 GC heap before
{Heap before GC invocations=27 (full 0):
 garbage-first heap   total 134144K, used 105447K [0x0000000080000000, 0x0000000100000000)
  region size 1024K, 49 young (50176K), 6 survivors (6144K)
 Metaspace       used 77089K, capacity 78851K, committed 79052K, reserved 1118208K
  class space    used 10032K, capacity 10690K, committed 10752K, reserved 1048576K
}

