# JRE version: OpenJDK Runtime Environment (11.0.10) (build 11.0.10+0-b96-7249189)
# Java VM: OpenJDK 64-Bit Server VM (11.0.10+0-b96-7249189, mixed mode, tiered, compressed oops, g1 gc, windows-amd64)
Heap:
 garbage-first heap   total 290816K, used 132379K [0x0000000080000000, 0x0000000100000000)
  region size 1024K, 5 young (5120K), 2 survivors (2048K)
 Metaspace       used 124210K, capacity 128657K, committed 128844K, reserved 1161216K
  class space    used 15316K, capacity 16936K, committed 16972K, reserved 1048576K
GC Heap History (20 events):
Event: 3075.567 GC heap before
{Heap before GC invocations=100 (full 0):
 garbage-first heap   total 290816K, used 179912K [0x0000000080000000, 0x0000000100000000)
  region size 1024K, 71 young (72704K), 2 survivors (2048K)
 Metaspace       used 121422K, capacity 124955K, committed 125516K, reserved 1159168K
  class space    used 14956K, capacity 16269K, committed 16460K, reserved 1048576K
}
Event: 3075.591 GC heap after
{Heap after GC invocations=101 (full 0):
 garbage-first heap   total 290816K, used 113654K [0x0000000080000000, 0x0000000100000000)
  region size 1024K, 5 young (5120K), 5 survivors (5120K)
 Metaspace       used 121422K, capacity 124955K, committed 125516K, reserved 1159168K
  class space    used 14956K, capacity 16269K, committed 16460K, reserved 1048576K
}
Event: 3205.140 GC heap before
{Heap before GC invocations=102 (full 0):
 garbage-first heap   total 290816K, used 259062K [0x0000000080000000, 0x0000000100000000)
  region size 1024K, 107 young (109568K), 5 survivors (5120K)
 Metaspace       used 121481K, capacity 124945K, committed 125516K, reserved 1159168K
  class space    used 14941K, capacity 16241K, committed 16460K, reserved 1048576K
}
Event: 3205.176 GC heap after
{Heap after GC invocations=103 (full 0):
 garbage-first heap   total 290816K, used 119496K [0x0000000080000000, 0x0000000100000000)
  region size 1024K, 10 young (10240K), 10 survivors (10240K)
 Metaspace       used 121481K, capacity 124945K, committed 125516K, reserved 1159168K
  class space    used 14941K, capacity 16241K, committed 16460K, reserved 1048576K
}
Event: 3205.192 GC heap before
{Heap before GC invocations=103 (full 0):
 garbage-first heap   total 290816K, used 123592K [0x0000000080000000, 0x0000000100000000)
  region size 1024K, 14 young (14336K), 10 survivors (10240K)
 Metaspace       used 121481K, capacity 124945K, committed 125516K, reserved 1159168K
  class space    used 14941K, capacity 16241K, committed 16460K, reserved 1048576K
}
Event: 3205.254 GC heap after
{Heap after GC invocations=104 (full 0):
 garbage-first heap   total 290816K, used 111516K [0x0000000080000000, 0x0000000100000000)
  region size 1024K, 2 young (2048K), 2 survivors (2048K)
 Metaspace       used 121481K, capacity 124945K, committed 125516K, reserved 1159168K
  class space    used 14941K, capacity 16241K, committed 16460K, reserved 1048576K
}
Event: 3205.934 GC heap before
{Heap before GC invocations=104 (full 0):
 garbage-first heap   total 290816K, used 178076K [0x0000000080000000, 0x0000000100000000)
  region size 1024K, 68 young (69632K), 2 survivors (2048K)
 Metaspace       used 121489K, capacity 124951K, committed 125516K, reserved 1159168K
  class space    used 14942K, capacity 16242K, committed 16460K, reserved 1048576K
}
Event: 3205.960 GC heap after
{Heap after GC invocations=105 (full 0):
 garbage-first heap   total 290816K, used 113599K [0x0000000080000000, 0x0000000100000000)
  region size 1024K, 4 young (4096K), 4 survivors (4096K)
 Metaspace       used 121489K, capacity 124951K, committed 125516K, reserved 1159168K
  class space    used 14942K, capacity 16242K, committed 16460K, reserved 1048576K
}
Event: 3260.367 GC heap before
{Heap before GC invocations=106 (full 0):
 garbage-first heap   total 290816K, used 240575K [0x0000000080000000, 0x0000000100000000)
  region size 1024K, 107 young (109568K), 4 survivors (4096K)
 Metaspace       used 123123K, capacity 127357K, committed 127436K, reserved 1159168K
  class space    used 15230K, capacity 16777K, committed 16844K, reserved 1048576K
}
Event: 3260.390 GC heap after
{Heap after GC invocations=107 (full 0):
 garbage-first heap   total 290816K, used 116063K [0x0000000080000000, 0x0000000100000000)
  region size 1024K, 6 young (6144K), 6 survivors (6144K)
 Metaspace       used 123123K, capacity 127357K, committed 127436K, reserved 1159168K
  class space    used 15230K, capacity 16777K, committed 16844K, reserved 1048576K
}
Event: 3260.514 GC heap before
{Heap before GC invocations=107 (full 0):
 garbage-first heap   total 290816K, used 124255K [0x0000000080000000, 0x0000000100000000)
  region size 1024K, 14 young (14336K), 6 survivors (6144K)
 Metaspace       used 123176K, capacity 127496K, committed 127692K, reserved 1161216K
  class space    used 15238K, capacity 16792K, committed 16844K, reserved 1048576K
}
Event: 3260.547 GC heap after
{Heap after GC invocations=108 (full 0):
 garbage-first heap   total 290816K, used 107704K [0x0000000080000000, 0x0000000100000000)
  region size 1024K, 2 young (2048K), 2 survivors (2048K)
 Metaspace       used 123176K, capacity 127496K, committed 127692K, reserved 1161216K
  class space    used 15238K, capacity 16792K, committed 16844K, reserved 1048576K
}
Event: 3327.232 GC heap before
{Heap before GC invocations=108 (full 0):
 garbage-first heap   total 290816K, used 220344K [0x0000000080000000, 0x0000000100000000)
  region size 1024K, 113 young (115712K), 2 survivors (2048K)
 Metaspace       used 123400K, capacity 127798K, committed 128076K, reserved 1161216K
  class space    used 15266K, capacity 16864K, committed 16972K, reserved 1048576K
}
Event: 3327.258 GC heap after
{Heap after GC invocations=109 (full 0):
 garbage-first heap   total 290816K, used 109649K [0x0000000080000000, 0x0000000100000000)
  region size 1024K, 4 young (4096K), 4 survivors (4096K)
 Metaspace       used 123400K, capacity 127798K, committed 128076K, reserved 1161216K
  class space    used 15266K, capacity 16864K, committed 16972K, reserved 1048576K
}
Event: 3332.581 GC heap before
{Heap before GC invocations=110 (full 0):
 garbage-first heap   total 290816K, used 225361K [0x0000000080000000, 0x0000000100000000)
  region size 1024K, 118 young (120832K), 4 survivors (4096K)
 Metaspace       used 124126K, capacity 128529K, committed 128588K, reserved 1161216K
  class space    used 15310K, capacity 16936K, committed 16972K, reserved 1048576K
}
Event: 3332.656 GC heap after
{Heap after GC invocations=111 (full 0):
 garbage-first heap   total 290816K, used 129499K [0x0000000080000000, 0x0000000100000000)
  region size 1024K, 15 young (15360K), 15 survivors (15360K)
 Metaspace       used 124126K, capacity 128529K, committed 128588K, reserved 1161216K
  class space    used 15310K, capacity 16936K, committed 16972K, reserved 1048576K
}
Event: 3332.678 GC heap before
{Heap before GC invocations=111 (full 0):
 garbage-first heap   total 290816K, used 130523K [0x0000000080000000, 0x0000000100000000)
  region size 1024K, 16 young (16384K), 15 survivors (15360K)
 Metaspace       used 124128K, capacity 128529K, committed 128588K, reserved 1161216K
  class space    used 15310K, capacity 16936K, committed 16972K, reserved 1048576K
}
Event: 3332.741 GC heap after
{Heap after GC invocations=112 (full 0):
 garbage-first heap   total 290816K, used 121344K [0x0000000080000000, 0x0000000100000000)
  region size 1024K, 1 young (1024K), 1 survivors (1024K)
 Metaspace       used 124128K, capacity 128529K, committed 128588K, reserved 1161216K
  class space    used 15310K, capacity 16936K, committed 16972K, reserved 1048576K
}
Event: 3332.909 GC heap before
{Heap before GC invocations=112 (full 0):
 garbage-first heap   total 290816K, used 124416K [0x0000000080000000, 0x0000000100000000)
  region size 1024K, 5 young (5120K), 1 survivors (1024K)
 Metaspace       used 124209K, capacity 128657K, committed 128844K, reserved 1161216K
  class space    used 15316K, capacity 16936K, committed 16972K, reserved 1048576K
}
Event: 3332.939 GC heap after
{Heap after GC invocations=113 (full 0):
 garbage-first heap   total 290816K, used 122139K [0x0000000080000000, 0x0000000100000000)
  region size 1024K, 2 young (2048K), 2 survivors (2048K)
 Metaspace       used 124209K, capacity 128657K, committed 128844K, reserved 1161216K
  class space    used 15316K, capacity 16936K, committed 16972K, reserved 1048576K
}

