# JRE version: OpenJDK Runtime Environment (11.0.10) (build 11.0.10+0-b96-7249189)
# Java VM: OpenJDK 64-Bit Server VM (11.0.10+0-b96-7249189, mixed mode, tiered, compressed oops, g1 gc, windows-amd64)
Heap:
 garbage-first heap   total 232448K, used 112365K [0x0000000080000000, 0x0000000100000000)
  region size 1024K, 6 young (6144K), 4 survivors (4096K)
 Metaspace       used 115781K, capacity 118966K, committed 119628K, reserved 1153024K
  class space    used 14391K, capacity 15566K, committed 15744K, reserved 1048576K
GC Heap History (20 events):
Event: 568.497 GC heap before
{Heap before GC invocations=88 (full 0):
 garbage-first heap   total 232448K, used 162781K [0x0000000080000000, 0x0000000100000000)
  region size 1024K, 50 young (51200K), 5 survivors (5120K)
 Metaspace       used 115737K, capacity 118864K, committed 119116K, reserved 1153024K
  class space    used 14412K, capacity 15605K, committed 15744K, reserved 1048576K
}
Event: 568.566 GC heap after
{Heap after GC invocations=89 (full 0):
 garbage-first heap   total 232448K, used 127620K [0x0000000080000000, 0x0000000100000000)
  region size 1024K, 7 young (7168K), 7 survivors (7168K)
 Metaspace       used 115737K, capacity 118864K, committed 119116K, reserved 1153024K
  class space    used 14412K, capacity 15605K, committed 15744K, reserved 1048576K
}
Event: 568.615 GC heap before
{Heap before GC invocations=89 (full 0):
 garbage-first heap   total 232448K, used 131716K [0x0000000080000000, 0x0000000100000000)
  region size 1024K, 11 young (11264K), 7 survivors (7168K)
 Metaspace       used 115738K, capacity 118864K, committed 119116K, reserved 1153024K
  class space    used 14412K, capacity 15605K, committed 15744K, reserved 1048576K
}
Event: 568.676 GC heap after
{Heap after GC invocations=90 (full 0):
 garbage-first heap   total 232448K, used 121344K [0x0000000080000000, 0x0000000100000000)
  region size 1024K, 1 young (1024K), 1 survivors (1024K)
 Metaspace       used 115738K, capacity 118864K, committed 119116K, reserved 1153024K
  class space    used 14412K, capacity 15605K, committed 15744K, reserved 1048576K
}
Event: 570.811 GC heap before
{Heap before GC invocations=90 (full 0):
 garbage-first heap   total 232448K, used 167424K [0x0000000080000000, 0x0000000100000000)
  region size 1024K, 46 young (47104K), 1 survivors (1024K)
 Metaspace       used 115943K, capacity 119127K, committed 119372K, reserved 1153024K
  class space    used 14412K, capacity 15605K, committed 15744K, reserved 1048576K
}
Event: 570.836 GC heap after
{Heap after GC invocations=91 (full 0):
 garbage-first heap   total 232448K, used 123882K [0x0000000080000000, 0x0000000100000000)
  region size 1024K, 4 young (4096K), 4 survivors (4096K)
 Metaspace       used 115943K, capacity 119127K, committed 119372K, reserved 1153024K
  class space    used 14412K, capacity 15605K, committed 15744K, reserved 1048576K
}
Event: 572.716 GC heap before
{Heap before GC invocations=92 (full 0):
 garbage-first heap   total 232448K, used 170986K [0x0000000080000000, 0x0000000100000000)
  region size 1024K, 51 young (52224K), 4 survivors (4096K)
 Metaspace       used 115986K, capacity 119205K, committed 119628K, reserved 1153024K
  class space    used 14413K, capacity 15606K, committed 15744K, reserved 1048576K
}
Event: 572.763 GC heap after
{Heap after GC invocations=93 (full 0):
 garbage-first heap   total 232448K, used 128967K [0x0000000080000000, 0x0000000100000000)
  region size 1024K, 7 young (7168K), 7 survivors (7168K)
 Metaspace       used 115986K, capacity 119205K, committed 119628K, reserved 1153024K
  class space    used 14413K, capacity 15606K, committed 15744K, reserved 1048576K
}
Event: 573.274 GC heap before
{Heap before GC invocations=93 (full 0):
 garbage-first heap   total 232448K, used 177095K [0x0000000080000000, 0x0000000100000000)
  region size 1024K, 54 young (55296K), 7 survivors (7168K)
 Metaspace       used 116005K, capacity 119205K, committed 119628K, reserved 1153024K
  class space    used 14413K, capacity 15606K, committed 15744K, reserved 1048576K
}
Event: 573.314 GC heap after
{Heap after GC invocations=94 (full 0):
 garbage-first heap   total 232448K, used 129874K [0x0000000080000000, 0x0000000100000000)
  region size 1024K, 1 young (1024K), 1 survivors (1024K)
 Metaspace       used 116005K, capacity 119205K, committed 119628K, reserved 1153024K
  class space    used 14413K, capacity 15606K, committed 15744K, reserved 1048576K
}
Event: 574.446 GC heap before
{Heap before GC invocations=95 (full 0):
 garbage-first heap   total 232448K, used 175954K [0x0000000080000000, 0x0000000100000000)
  region size 1024K, 50 young (51200K), 1 survivors (1024K)
 Metaspace       used 115750K, capacity 118902K, committed 119628K, reserved 1153024K
  class space    used 14390K, capacity 15566K, committed 15744K, reserved 1048576K
}
Event: 574.460 GC heap after
{Heap after GC invocations=96 (full 0):
 garbage-first heap   total 232448K, used 125979K [0x0000000080000000, 0x0000000100000000)
  region size 1024K, 2 young (2048K), 2 survivors (2048K)
 Metaspace       used 115750K, capacity 118902K, committed 119628K, reserved 1153024K
  class space    used 14390K, capacity 15566K, committed 15744K, reserved 1048576K
}
Event: 574.574 GC heap before
{Heap before GC invocations=96 (full 0):
 garbage-first heap   total 232448K, used 135195K [0x0000000080000000, 0x0000000100000000)
  region size 1024K, 11 young (11264K), 2 survivors (2048K)
 Metaspace       used 115751K, capacity 118902K, committed 119628K, reserved 1153024K
  class space    used 14390K, capacity 15566K, committed 15744K, reserved 1048576K
}
Event: 574.604 GC heap after
{Heap after GC invocations=97 (full 0):
 garbage-first heap   total 232448K, used 110086K [0x0000000080000000, 0x0000000100000000)
  region size 1024K, 1 young (1024K), 1 survivors (1024K)
 Metaspace       used 115751K, capacity 118902K, committed 119628K, reserved 1153024K
  class space    used 14390K, capacity 15566K, committed 15744K, reserved 1048576K
}
Event: 575.170 GC heap before
{Heap before GC invocations=97 (full 0):
 garbage-first heap   total 232448K, used 171526K [0x0000000080000000, 0x0000000100000000)
  region size 1024K, 61 young (62464K), 1 survivors (1024K)
 Metaspace       used 115761K, capacity 118902K, committed 119628K, reserved 1153024K
  class space    used 14390K, capacity 15566K, committed 15744K, reserved 1048576K
}
Event: 575.186 GC heap after
{Heap after GC invocations=98 (full 0):
 garbage-first heap   total 232448K, used 111136K [0x0000000080000000, 0x0000000100000000)
  region size 1024K, 2 young (2048K), 2 survivors (2048K)
 Metaspace       used 115761K, capacity 118902K, committed 119628K, reserved 1153024K
  class space    used 14390K, capacity 15566K, committed 15744K, reserved 1048576K
}
Event: 576.571 GC heap before
{Heap before GC invocations=99 (full 0):
 garbage-first heap   total 232448K, used 174624K [0x0000000080000000, 0x0000000100000000)
  region size 1024K, 64 young (65536K), 2 survivors (2048K)
 Metaspace       used 115770K, capacity 118902K, committed 119628K, reserved 1153024K
  class space    used 14390K, capacity 15566K, committed 15744K, reserved 1048576K
}
Event: 576.585 GC heap after
{Heap after GC invocations=100 (full 0):
 garbage-first heap   total 232448K, used 110812K [0x0000000080000000, 0x0000000100000000)
  region size 1024K, 2 young (2048K), 2 survivors (2048K)
 Metaspace       used 115770K, capacity 118902K, committed 119628K, reserved 1153024K
  class space    used 14390K, capacity 15566K, committed 15744K, reserved 1048576K
}
Event: 577.244 GC heap before
{Heap before GC invocations=100 (full 0):
 garbage-first heap   total 232448K, used 177372K [0x0000000080000000, 0x0000000100000000)
  region size 1024K, 67 young (68608K), 2 survivors (2048K)
 Metaspace       used 115780K, capacity 118902K, committed 119628K, reserved 1153024K
  class space    used 14391K, capacity 15566K, committed 15744K, reserved 1048576K
}
Event: 577.255 GC heap after
{Heap after GC invocations=101 (full 0):
 garbage-first heap   total 232448K, used 111453K [0x0000000080000000, 0x0000000100000000)
  region size 1024K, 3 young (3072K), 3 survivors (3072K)
 Metaspace       used 115780K, capacity 118902K, committed 119628K, reserved 1153024K
  class space    used 14391K, capacity 15566K, committed 15744K, reserved 1048576K
}

