# JRE version: OpenJDK Runtime Environment (11.0.10) (build 11.0.10+0-b96-7249189)
# Java VM: OpenJDK 64-Bit Server VM (11.0.10+0-b96-7249189, mixed mode, tiered, compressed oops, g1 gc, windows-amd64)
Heap:
 garbage-first heap   total 365568K, used 162506K [0x0000000080000000, 0x0000000100000000)
  region size 1024K, 17 young (17408K), 1 survivors (1024K)
 Metaspace       used 137336K, capacity 141384K, committed 141568K, reserved 1173504K
  class space    used 16646K, capacity 18101K, committed 18176K, reserved 1048576K
GC Heap History (20 events):
Event: 2915.131 GC heap before
{Heap before GC invocations=172 (full 0):
 garbage-first heap   total 365568K, used 214308K [0x0000000080000000, 0x0000000100000000)
  region size 1024K, 81 young (82944K), 5 survivors (5120K)
 Metaspace       used 134524K, capacity 138221K, committed 138368K, reserved 1169408K
  class space    used 16335K, capacity 17665K, committed 17792K, reserved 1048576K
}
Event: 2915.206 GC heap after
{Heap after GC invocations=173 (full 0):
 garbage-first heap   total 365568K, used 141399K [0x0000000080000000, 0x0000000100000000)
  region size 1024K, 10 young (10240K), 10 survivors (10240K)
 Metaspace       used 134524K, capacity 138221K, committed 138368K, reserved 1169408K
  class space    used 16335K, capacity 17665K, committed 17792K, reserved 1048576K
}
Event: 2915.321 GC heap before
{Heap before GC invocations=173 (full 0):
 garbage-first heap   total 365568K, used 148567K [0x0000000080000000, 0x0000000100000000)
  region size 1024K, 17 young (17408K), 10 survivors (10240K)
 Metaspace       used 134599K, capacity 138288K, committed 138624K, reserved 1169408K
  class space    used 16347K, capacity 17666K, committed 17792K, reserved 1048576K
}
Event: 2915.478 GC heap after
{Heap after GC invocations=174 (full 0):
 garbage-first heap   total 365568K, used 136962K [0x0000000080000000, 0x0000000100000000)
  region size 1024K, 1 young (1024K), 1 survivors (1024K)
 Metaspace       used 134599K, capacity 138288K, committed 138624K, reserved 1169408K
  class space    used 16347K, capacity 17666K, committed 17792K, reserved 1048576K
}
Event: 2920.061 GC heap before
{Heap before GC invocations=174 (full 0):
 garbage-first heap   total 365568K, used 205570K [0x0000000080000000, 0x0000000100000000)
  region size 1024K, 68 young (69632K), 1 survivors (1024K)
 Metaspace       used 136206K, capacity 139969K, committed 140160K, reserved 1171456K
  class space    used 16567K, capacity 17989K, committed 18048K, reserved 1048576K
}
Event: 2920.088 GC heap after
{Heap after GC invocations=175 (full 0):
 garbage-first heap   total 365568K, used 140760K [0x0000000080000000, 0x0000000100000000)
  region size 1024K, 5 young (5120K), 5 survivors (5120K)
 Metaspace       used 136206K, capacity 139969K, committed 140160K, reserved 1171456K
  class space    used 16567K, capacity 17989K, committed 18048K, reserved 1048576K
}
Event: 3055.650 GC heap before
{Heap before GC invocations=176 (full 0):
 garbage-first heap   total 365568K, used 219608K [0x0000000080000000, 0x0000000100000000)
  region size 1024K, 83 young (84992K), 5 survivors (5120K)
 Metaspace       used 136754K, capacity 140737K, committed 141056K, reserved 1171456K
  class space    used 16618K, capacity 18056K, committed 18176K, reserved 1048576K
}
Event: 3055.701 GC heap after
{Heap after GC invocations=177 (full 0):
 garbage-first heap   total 365568K, used 147658K [0x0000000080000000, 0x0000000100000000)
  region size 1024K, 11 young (11264K), 11 survivors (11264K)
 Metaspace       used 136754K, capacity 140737K, committed 141056K, reserved 1171456K
  class space    used 16618K, capacity 18056K, committed 18176K, reserved 1048576K
}
Event: 3055.788 GC heap before
{Heap before GC invocations=177 (full 0):
 garbage-first heap   total 365568K, used 153802K [0x0000000080000000, 0x0000000100000000)
  region size 1024K, 17 young (17408K), 11 survivors (11264K)
 Metaspace       used 136773K, capacity 140803K, committed 141056K, reserved 1171456K
  class space    used 16618K, capacity 18056K, committed 18176K, reserved 1048576K
}
Event: 3055.890 GC heap after
{Heap after GC invocations=178 (full 0):
 garbage-first heap   total 365568K, used 147608K [0x0000000080000000, 0x0000000100000000)
  region size 1024K, 1 young (1024K), 1 survivors (1024K)
 Metaspace       used 136773K, capacity 140803K, committed 141056K, reserved 1171456K
  class space    used 16618K, capacity 18056K, committed 18176K, reserved 1048576K
}
Event: 3148.656 GC heap before
{Heap before GC invocations=178 (full 0):
 garbage-first heap   total 365568K, used 237720K [0x0000000080000000, 0x0000000100000000)
  region size 1024K, 90 young (92160K), 1 survivors (1024K)
 Metaspace       used 137171K, capacity 141128K, committed 141312K, reserved 1173504K
  class space    used 16640K, capacity 18091K, committed 18176K, reserved 1048576K
}
Event: 3148.745 GC heap after
{Heap after GC invocations=179 (full 0):
 garbage-first heap   total 365568K, used 155295K [0x0000000080000000, 0x0000000100000000)
  region size 1024K, 9 young (9216K), 9 survivors (9216K)
 Metaspace       used 137171K, capacity 141128K, committed 141312K, reserved 1173504K
  class space    used 16640K, capacity 18091K, committed 18176K, reserved 1048576K
}
Event: 5548.014 GC heap before
{Heap before GC invocations=180 (full 0):
 garbage-first heap   total 365568K, used 241311K [0x0000000080000000, 0x0000000100000000)
  region size 1024K, 93 young (95232K), 9 survivors (9216K)
 Metaspace       used 137278K, capacity 141363K, committed 141568K, reserved 1173504K
  class space    used 16643K, capacity 18097K, committed 18176K, reserved 1048576K
}
Event: 5552.096 GC heap after
{Heap after GC invocations=181 (full 0):
 garbage-first heap   total 365568K, used 152064K [0x0000000080000000, 0x0000000100000000)
  region size 1024K, 4 young (4096K), 4 survivors (4096K)
 Metaspace       used 137278K, capacity 141363K, committed 141568K, reserved 1173504K
  class space    used 16643K, capacity 18097K, committed 18176K, reserved 1048576K
}
Event: 5561.403 GC heap before
{Heap before GC invocations=181 (full 0):
 garbage-first heap   total 365568K, used 164352K [0x0000000080000000, 0x0000000100000000)
  region size 1024K, 17 young (17408K), 4 survivors (4096K)
 Metaspace       used 137326K, capacity 141384K, committed 141568K, reserved 1173504K
  class space    used 16646K, capacity 18101K, committed 18176K, reserved 1048576K
}
Event: 5570.751 GC heap after
{Heap after GC invocations=182 (full 0):
 garbage-first heap   total 365568K, used 146580K [0x0000000080000000, 0x0000000100000000)
  region size 1024K, 2 young (2048K), 2 survivors (2048K)
 Metaspace       used 137326K, capacity 141384K, committed 141568K, reserved 1173504K
  class space    used 16646K, capacity 18101K, committed 18176K, reserved 1048576K
}
Event: 5572.248 GC heap before
{Heap before GC invocations=182 (full 0):
 garbage-first heap   total 365568K, used 160916K [0x0000000080000000, 0x0000000100000000)
  region size 1024K, 17 young (17408K), 2 survivors (2048K)
 Metaspace       used 137326K, capacity 141384K, committed 141568K, reserved 1173504K
  class space    used 16646K, capacity 18101K, committed 18176K, reserved 1048576K
}
Event: 5573.882 GC heap after
{Heap after GC invocations=183 (full 0):
 garbage-first heap   total 365568K, used 144729K [0x0000000080000000, 0x0000000100000000)
  region size 1024K, 2 young (2048K), 2 survivors (2048K)
 Metaspace       used 137326K, capacity 141384K, committed 141568K, reserved 1173504K
  class space    used 16646K, capacity 18101K, committed 18176K, reserved 1048576K
}
Event: 5575.751 GC heap before
{Heap before GC invocations=183 (full 0):
 garbage-first heap   total 365568K, used 144729K [0x0000000080000000, 0x0000000100000000)
  region size 1024K, 3 young (3072K), 2 survivors (2048K)
 Metaspace       used 137326K, capacity 141384K, committed 141568K, reserved 1173504K
  class space    used 16646K, capacity 18101K, committed 18176K, reserved 1048576K
}
Event: 5576.027 GC heap after
{Heap after GC invocations=184 (full 0):
 garbage-first heap   total 365568K, used 145098K [0x0000000080000000, 0x0000000100000000)
  region size 1024K, 1 young (1024K), 1 survivors (1024K)
 Metaspace       used 137326K, capacity 141384K, committed 141568K, reserved 1173504K
  class space    used 16646K, capacity 18101K, committed 18176K, reserved 1048576K
}

