# JRE version: OpenJDK Runtime Environment (11.0.10) (build 11.0.10+0-b96-7249189)
# Java VM: OpenJDK 64-Bit Server VM (11.0.10+0-b96-7249189, mixed mode, tiered, compressed oops, g1 gc, windows-amd64)
Heap:
 garbage-first heap   total 293888K, used 144596K [0x0000000080000000, 0x0000000100000000)
  region size 1024K, 4 young (4096K), 1 survivors (1024K)
 Metaspace       used 123526K, capacity 128013K, committed 128512K, reserved 1161216K
  class space    used 15290K, capacity 16946K, committed 17152K, reserved 1048576K
GC Heap History (20 events):
Event: 1764.359 GC heap after
{Heap after GC invocations=214 (full 0):
 garbage-first heap   total 244736K, used 141177K [0x0000000080000000, 0x0000000100000000)
  region size 1024K, 5 young (5120K), 5 survivors (5120K)
 Metaspace       used 110737K, capacity 114939K, committed 115072K, reserved 1148928K
  class space    used 13493K, capacity 14953K, committed 14976K, reserved 1048576K
}
Event: 1766.532 GC heap before
{Heap before GC invocations=215 (full 0):
 garbage-first heap   total 244736K, used 194425K [0x0000000080000000, 0x0000000100000000)
  region size 1024K, 57 young (58368K), 5 survivors (5120K)
 Metaspace       used 110760K, capacity 114939K, committed 115072K, reserved 1148928K
  class space    used 13493K, capacity 14953K, committed 14976K, reserved 1048576K
}
Event: 1766.582 GC heap after
{Heap after GC invocations=216 (full 0):
 garbage-first heap   total 293888K, used 143096K [0x0000000080000000, 0x0000000100000000)
  region size 1024K, 6 young (6144K), 6 survivors (6144K)
 Metaspace       used 110760K, capacity 114939K, committed 115072K, reserved 1148928K
  class space    used 13493K, capacity 14953K, committed 14976K, reserved 1048576K
}
Event: 1771.361 GC heap before
{Heap before GC invocations=216 (full 0):
 garbage-first heap   total 293888K, used 216824K [0x0000000080000000, 0x0000000100000000)
  region size 1024K, 79 young (80896K), 6 survivors (6144K)
 Metaspace       used 116114K, capacity 120430K, committed 120576K, reserved 1155072K
  class space    used 14262K, capacity 15809K, committed 15872K, reserved 1048576K
}
Event: 1771.395 GC heap after
{Heap after GC invocations=217 (full 0):
 garbage-first heap   total 293888K, used 146688K [0x0000000080000000, 0x0000000100000000)
  region size 1024K, 9 young (9216K), 9 survivors (9216K)
 Metaspace       used 116114K, capacity 120430K, committed 120576K, reserved 1155072K
  class space    used 14262K, capacity 15809K, committed 15872K, reserved 1048576K
}
Event: 1785.026 GC heap before
{Heap before GC invocations=218 (full 0):
 garbage-first heap   total 293888K, used 236800K [0x0000000080000000, 0x0000000100000000)
  region size 1024K, 98 young (100352K), 9 survivors (9216K)
 Metaspace       used 123437K, capacity 128104K, committed 128128K, reserved 1161216K
  class space    used 15339K, capacity 17022K, committed 17024K, reserved 1048576K
}
Event: 1785.103 GC heap after
{Heap after GC invocations=219 (full 0):
 garbage-first heap   total 293888K, used 153515K [0x0000000080000000, 0x0000000100000000)
  region size 1024K, 13 young (13312K), 13 survivors (13312K)
 Metaspace       used 123437K, capacity 128104K, committed 128128K, reserved 1161216K
  class space    used 15339K, capacity 17022K, committed 17024K, reserved 1048576K
}
Event: 1785.240 GC heap before
{Heap before GC invocations=219 (full 0):
 garbage-first heap   total 293888K, used 154539K [0x0000000080000000, 0x0000000100000000)
  region size 1024K, 14 young (14336K), 13 survivors (13312K)
 Metaspace       used 123448K, capacity 128105K, committed 128128K, reserved 1161216K
  class space    used 15340K, capacity 17022K, committed 17024K, reserved 1048576K
}
Event: 1785.284 GC heap after
{Heap after GC invocations=220 (full 0):
 garbage-first heap   total 293888K, used 145606K [0x0000000080000000, 0x0000000100000000)
  region size 1024K, 1 young (1024K), 1 survivors (1024K)
 Metaspace       used 123448K, capacity 128105K, committed 128128K, reserved 1161216K
  class space    used 15340K, capacity 17022K, committed 17024K, reserved 1048576K
}
Event: 1787.695 GC heap before
{Heap before GC invocations=220 (full 0):
 garbage-first heap   total 293888K, used 164038K [0x0000000080000000, 0x0000000100000000)
  region size 1024K, 21 young (21504K), 1 survivors (1024K)
 Metaspace       used 123525K, capacity 128191K, committed 128512K, reserved 1161216K
  class space    used 15349K, capacity 17063K, committed 17152K, reserved 1048576K
}
Event: 1787.725 GC heap after
{Heap after GC invocations=221 (full 0):
 garbage-first heap   total 293888K, used 145911K [0x0000000080000000, 0x0000000100000000)
  region size 1024K, 2 young (2048K), 2 survivors (2048K)
 Metaspace       used 123525K, capacity 128191K, committed 128512K, reserved 1161216K
  class space    used 15349K, capacity 17063K, committed 17152K, reserved 1048576K
}
Event: 2111.256 GC heap before
{Heap before GC invocations=222 (full 0):
 garbage-first heap   total 293888K, used 247287K [0x0000000080000000, 0x0000000100000000)
  region size 1024K, 90 young (92160K), 2 survivors (2048K)
 Metaspace       used 123441K, capacity 128043K, committed 128512K, reserved 1161216K
  class space    used 15329K, capacity 17028K, committed 17152K, reserved 1048576K
}
Event: 2111.297 GC heap after
{Heap after GC invocations=223 (full 0):
 garbage-first heap   total 293888K, used 148842K [0x0000000080000000, 0x0000000100000000)
  region size 1024K, 12 young (12288K), 12 survivors (12288K)
 Metaspace       used 123441K, capacity 128043K, committed 128512K, reserved 1161216K
  class space    used 15329K, capacity 17028K, committed 17152K, reserved 1048576K
}
Event: 2111.383 GC heap before
{Heap before GC invocations=223 (full 0):
 garbage-first heap   total 293888K, used 149866K [0x0000000080000000, 0x0000000100000000)
  region size 1024K, 14 young (14336K), 12 survivors (12288K)
 Metaspace       used 123443K, capacity 128043K, committed 128512K, reserved 1161216K
  class space    used 15329K, capacity 17028K, committed 17152K, reserved 1048576K
}
Event: 2111.418 GC heap after
{Heap after GC invocations=224 (full 0):
 garbage-first heap   total 293888K, used 132328K [0x0000000080000000, 0x0000000100000000)
  region size 1024K, 1 young (1024K), 1 survivors (1024K)
 Metaspace       used 123443K, capacity 128043K, committed 128512K, reserved 1161216K
  class space    used 15329K, capacity 17028K, committed 17152K, reserved 1048576K
}
Event: 2111.530 GC heap before
{Heap before GC invocations=224 (full 0):
 garbage-first heap   total 293888K, used 133352K [0x0000000080000000, 0x0000000100000000)
  region size 1024K, 3 young (3072K), 1 survivors (1024K)
 Metaspace       used 123443K, capacity 128043K, committed 128512K, reserved 1161216K
  class space    used 15329K, capacity 17028K, committed 17152K, reserved 1048576K
}
Event: 2111.547 GC heap after
{Heap after GC invocations=225 (full 0):
 garbage-first heap   total 293888K, used 132261K [0x0000000080000000, 0x0000000100000000)
  region size 1024K, 1 young (1024K), 1 survivors (1024K)
 Metaspace       used 123443K, capacity 128043K, committed 128512K, reserved 1161216K
  class space    used 15329K, capacity 17028K, committed 17152K, reserved 1048576K
}
Event: 2120.854 GC heap before
{Heap before GC invocations=226 (full 0):
 garbage-first heap   total 293888K, used 212133K [0x0000000080000000, 0x0000000100000000)
  region size 1024K, 81 young (82944K), 1 survivors (1024K)
 Metaspace       used 123526K, capacity 128013K, committed 128512K, reserved 1161216K
  class space    used 15290K, capacity 16946K, committed 17152K, reserved 1048576K
}
Event: 2120.904 GC heap after
{Heap after GC invocations=227 (full 0):
 garbage-first heap   total 293888K, used 141524K [0x0000000080000000, 0x0000000100000000)
  region size 1024K, 11 young (11264K), 11 survivors (11264K)
 Metaspace       used 123526K, capacity 128013K, committed 128512K, reserved 1161216K
  class space    used 15290K, capacity 16946K, committed 17152K, reserved 1048576K
}
Event: 2120.928 GC heap before
{Heap before GC invocations=227 (full 0):
 garbage-first heap   total 293888K, used 144596K [0x0000000080000000, 0x0000000100000000)
  region size 1024K, 14 young (14336K), 11 survivors (11264K)
 Metaspace       used 123526K, capacity 128013K, committed 128512K, reserved 1161216K
  class space    used 15290K, capacity 16946K, committed 17152K, reserved 1048576K
}

