# JRE version: OpenJDK Runtime Environment (11.0.10) (build 11.0.10+0-b96-7249189)
# Java VM: OpenJDK 64-Bit Server VM (11.0.10+0-b96-7249189, mixed mode, tiered, compressed oops, g1 gc, windows-amd64)
Heap:
 garbage-first heap   total 110592K, used 91887K [0x0000000080000000, 0x0000000100000000)
  region size 1024K, 31 young (31744K), 3 survivors (3072K)
 Metaspace       used 77691K, capacity 79543K, committed 79692K, reserved 1118208K
  class space    used 10145K, capacity 10822K, committed 10828K, reserved 1048576K
GC Heap History (20 events):
Event: 29.514 GC heap after
{Heap after GC invocations=17 (full 0):
 garbage-first heap   total 110592K, used 42342K [0x0000000080000000, 0x0000000100000000)
  region size 1024K, 6 young (6144K), 6 survivors (6144K)
 Metaspace       used 50302K, capacity 51660K, committed 51916K, reserved 1093632K
  class space    used 6396K, capacity 6822K, committed 6860K, reserved 1048576K
}
Event: 32.681 GC heap before
{Heap before GC invocations=17 (full 0):
 garbage-first heap   total 110592K, used 84326K [0x0000000080000000, 0x0000000100000000)
  region size 1024K, 47 young (48128K), 6 survivors (6144K)
 Metaspace       used 56502K, capacity 57906K, committed 58060K, reserved 1099776K
  class space    used 7150K, capacity 7619K, committed 7628K, reserved 1048576K
}
Event: 32.701 GC heap after
{Heap after GC invocations=18 (full 0):
 garbage-first heap   total 110592K, used 44563K [0x0000000080000000, 0x0000000100000000)
  region size 1024K, 2 young (2048K), 2 survivors (2048K)
 Metaspace       used 56502K, capacity 57906K, committed 58060K, reserved 1099776K
  class space    used 7150K, capacity 7619K, committed 7628K, reserved 1048576K
}
Event: 33.503 GC heap before
{Heap before GC invocations=18 (full 0):
 garbage-first heap   total 110592K, used 55827K [0x0000000080000000, 0x0000000100000000)
  region size 1024K, 14 young (14336K), 2 survivors (2048K)
 Metaspace       used 58663K, capacity 60150K, committed 60236K, reserved 1101824K
  class space    used 7413K, capacity 7961K, committed 8012K, reserved 1048576K
}
Event: 33.513 GC heap after
{Heap after GC invocations=19 (full 0):
 garbage-first heap   total 110592K, used 45674K [0x0000000080000000, 0x0000000100000000)
  region size 1024K, 3 young (3072K), 3 survivors (3072K)
 Metaspace       used 58663K, capacity 60150K, committed 60236K, reserved 1101824K
  class space    used 7413K, capacity 7961K, committed 8012K, reserved 1048576K
}
Event: 34.938 GC heap before
{Heap before GC invocations=20 (full 0):
 garbage-first heap   total 110592K, used 80490K [0x0000000080000000, 0x0000000100000000)
  region size 1024K, 38 young (38912K), 3 survivors (3072K)
 Metaspace       used 62003K, capacity 63479K, committed 63692K, reserved 1103872K
  class space    used 7826K, capacity 8360K, committed 8396K, reserved 1048576K
}
Event: 34.960 GC heap after
{Heap after GC invocations=21 (full 0):
 garbage-first heap   total 110592K, used 48814K [0x0000000080000000, 0x0000000100000000)
  region size 1024K, 5 young (5120K), 5 survivors (5120K)
 Metaspace       used 62003K, capacity 63479K, committed 63692K, reserved 1103872K
  class space    used 7826K, capacity 8360K, committed 8396K, reserved 1048576K
}
Event: 36.252 GC heap before
{Heap before GC invocations=21 (full 0):
 garbage-first heap   total 110592K, used 83630K [0x0000000080000000, 0x0000000100000000)
  region size 1024K, 39 young (39936K), 5 survivors (5120K)
 Metaspace       used 63664K, capacity 65160K, committed 65228K, reserved 1105920K
  class space    used 8071K, capacity 8610K, committed 8652K, reserved 1048576K
}
Event: 36.276 GC heap after
{Heap after GC invocations=22 (full 0):
 garbage-first heap   total 110592K, used 51420K [0x0000000080000000, 0x0000000100000000)
  region size 1024K, 3 young (3072K), 3 survivors (3072K)
 Metaspace       used 63664K, capacity 65160K, committed 65228K, reserved 1105920K
  class space    used 8071K, capacity 8610K, committed 8652K, reserved 1048576K
}
Event: 37.106 GC heap before
{Heap before GC invocations=22 (full 0):
 garbage-first heap   total 110592K, used 85212K [0x0000000080000000, 0x0000000100000000)
  region size 1024K, 36 young (36864K), 3 survivors (3072K)
 Metaspace       used 65051K, capacity 66653K, committed 66764K, reserved 1107968K
  class space    used 8255K, capacity 8808K, committed 8908K, reserved 1048576K
}
Event: 37.127 GC heap after
{Heap after GC invocations=23 (full 0):
 garbage-first heap   total 110592K, used 54619K [0x0000000080000000, 0x0000000100000000)
  region size 1024K, 3 young (3072K), 3 survivors (3072K)
 Metaspace       used 65051K, capacity 66653K, committed 66764K, reserved 1107968K
  class space    used 8255K, capacity 8808K, committed 8908K, reserved 1048576K
}
Event: 39.341 GC heap before
{Heap before GC invocations=23 (full 0):
 garbage-first heap   total 110592K, used 87387K [0x0000000080000000, 0x0000000100000000)
  region size 1024K, 35 young (35840K), 3 survivors (3072K)
 Metaspace       used 68876K, capacity 70500K, committed 70732K, reserved 1110016K
  class space    used 8888K, capacity 9507K, committed 9548K, reserved 1048576K
}
Event: 39.361 GC heap after
{Heap after GC invocations=24 (full 0):
 garbage-first heap   total 110592K, used 57171K [0x0000000080000000, 0x0000000100000000)
  region size 1024K, 3 young (3072K), 3 survivors (3072K)
 Metaspace       used 68876K, capacity 70500K, committed 70732K, reserved 1110016K
  class space    used 8888K, capacity 9507K, committed 9548K, reserved 1048576K
}
Event: 40.028 GC heap before
{Heap before GC invocations=25 (full 0):
 garbage-first heap   total 110592K, used 88915K [0x0000000080000000, 0x0000000100000000)
  region size 1024K, 34 young (34816K), 3 survivors (3072K)
 Metaspace       used 69293K, capacity 71038K, committed 71372K, reserved 1112064K
  class space    used 8948K, capacity 9557K, committed 9676K, reserved 1048576K
}
Event: 40.049 GC heap after
{Heap after GC invocations=26 (full 0):
 garbage-first heap   total 110592K, used 59152K [0x0000000080000000, 0x0000000100000000)
  region size 1024K, 5 young (5120K), 5 survivors (5120K)
 Metaspace       used 69293K, capacity 71038K, committed 71372K, reserved 1112064K
  class space    used 8948K, capacity 9557K, committed 9676K, reserved 1048576K
}
Event: 41.427 GC heap before
{Heap before GC invocations=26 (full 0):
 garbage-first heap   total 110592K, used 89872K [0x0000000080000000, 0x0000000100000000)
  region size 1024K, 35 young (35840K), 5 survivors (5120K)
 Metaspace       used 72379K, capacity 74135K, committed 74444K, reserved 1114112K
  class space    used 9442K, capacity 10055K, committed 10188K, reserved 1048576K
}
Event: 41.453 GC heap after
{Heap after GC invocations=27 (full 0):
 garbage-first heap   total 110592K, used 60452K [0x0000000080000000, 0x0000000100000000)
  region size 1024K, 4 young (4096K), 4 survivors (4096K)
 Metaspace       used 72379K, capacity 74135K, committed 74444K, reserved 1114112K
  class space    used 9442K, capacity 10055K, committed 10188K, reserved 1048576K
}
Event: 43.559 GC heap before
{Heap before GC invocations=28 (full 0):
 garbage-first heap   total 110592K, used 91172K [0x0000000080000000, 0x0000000100000000)
  region size 1024K, 34 young (34816K), 4 survivors (4096K)
 Metaspace       used 75958K, capacity 77700K, committed 77900K, reserved 1116160K
  class space    used 9877K, capacity 10500K, committed 10572K, reserved 1048576K
}
Event: 43.587 GC heap after
{Heap after GC invocations=29 (full 0):
 garbage-first heap   total 110592K, used 63215K [0x0000000080000000, 0x0000000100000000)
  region size 1024K, 4 young (4096K), 4 survivors (4096K)
 Metaspace       used 75958K, capacity 77700K, committed 77900K, reserved 1116160K
  class space    used 9877K, capacity 10500K, committed 10572K, reserved 1048576K
}
Event: 44.660 GC heap before
{Heap before GC invocations=29 (full 0):
 garbage-first heap   total 110592K, used 91887K [0x0000000080000000, 0x0000000100000000)
  region size 1024K, 32 young (32768K), 4 survivors (4096K)
 Metaspace       used 77691K, capacity 79543K, committed 79692K, reserved 1118208K
  class space    used 10145K, capacity 10822K, committed 10828K, reserved 1048576K
}

