# JRE version: OpenJDK Runtime Environment (11.0.10) (build 11.0.10+0-b96-7249189)
# Java VM: OpenJDK 64-Bit Server VM (11.0.10+0-b96-7249189, mixed mode, tiered, compressed oops, g1 gc, windows-amd64)
Heap:
 garbage-first heap   total 92160K, used 66348K [0x0000000080000000, 0x0000000100000000)
  region size 1024K, 41 young (41984K), 4 survivors (4096K)
 Metaspace       used 45981K, capacity 47154K, committed 47360K, reserved 1089536K
  class space    used 5878K, capacity 6301K, committed 6400K, reserved 1048576K
GC Heap History (20 events):
Event: 5.138 GC heap after
{Heap after GC invocations=4 (full 0):
 garbage-first heap   total 63488K, used 15014K [0x0000000080000000, 0x0000000100000000)
  region size 1024K, 3 young (3072K), 3 survivors (3072K)
 Metaspace       used 13784K, capacity 14143K, committed 14208K, reserved 1062912K
  class space    used 1520K, capacity 1654K, committed 1664K, reserved 1048576K
}
Event: 6.585 GC heap before
{Heap before GC invocations=4 (full 0):
 garbage-first heap   total 63488K, used 38566K [0x0000000080000000, 0x0000000100000000)
  region size 1024K, 26 young (26624K), 3 survivors (3072K)
 Metaspace       used 18666K, capacity 19076K, committed 19328K, reserved 1067008K
  class space    used 2232K, capacity 2372K, committed 2432K, reserved 1048576K
}
Event: 6.597 GC heap after
{Heap after GC invocations=5 (full 0):
 garbage-first heap   total 63488K, used 16641K [0x0000000080000000, 0x0000000100000000)
  region size 1024K, 2 young (2048K), 2 survivors (2048K)
 Metaspace       used 18666K, capacity 19076K, committed 19328K, reserved 1067008K
  class space    used 2232K, capacity 2372K, committed 2432K, reserved 1048576K
}
Event: 7.015 GC heap before
{Heap before GC invocations=5 (full 0):
 garbage-first heap   total 63488K, used 32001K [0x0000000080000000, 0x0000000100000000)
  region size 1024K, 18 young (18432K), 2 survivors (2048K)
 Metaspace       used 20586K, capacity 21100K, committed 21248K, reserved 1067008K
  class space    used 2506K, capacity 2690K, committed 2816K, reserved 1048576K
}
Event: 7.022 GC heap after
{Heap after GC invocations=6 (full 0):
 garbage-first heap   total 63488K, used 17001K [0x0000000080000000, 0x0000000100000000)
  region size 1024K, 2 young (2048K), 2 survivors (2048K)
 Metaspace       used 20586K, capacity 21100K, committed 21248K, reserved 1067008K
  class space    used 2506K, capacity 2690K, committed 2816K, reserved 1048576K
}
Event: 7.685 GC heap before
{Heap before GC invocations=7 (full 0):
 garbage-first heap   total 63488K, used 40553K [0x0000000080000000, 0x0000000100000000)
  region size 1024K, 26 young (26624K), 2 survivors (2048K)
 Metaspace       used 22954K, capacity 23501K, committed 23680K, reserved 1069056K
  class space    used 2925K, capacity 3110K, committed 3200K, reserved 1048576K
}
Event: 7.696 GC heap after
{Heap after GC invocations=8 (full 0):
 garbage-first heap   total 63488K, used 17843K [0x0000000080000000, 0x0000000100000000)
  region size 1024K, 3 young (3072K), 3 survivors (3072K)
 Metaspace       used 22954K, capacity 23501K, committed 23680K, reserved 1069056K
  class space    used 2925K, capacity 3110K, committed 3200K, reserved 1048576K
}
Event: 8.714 GC heap before
{Heap before GC invocations=8 (full 0):
 garbage-first heap   total 63488K, used 42419K [0x0000000080000000, 0x0000000100000000)
  region size 1024K, 27 young (27648K), 3 survivors (3072K)
 Metaspace       used 25791K, capacity 26368K, committed 26496K, reserved 1073152K
  class space    used 3366K, capacity 3600K, committed 3712K, reserved 1048576K
}
Event: 8.730 GC heap after
{Heap after GC invocations=9 (full 0):
 garbage-first heap   total 76800K, used 18873K [0x0000000080000000, 0x0000000100000000)
  region size 1024K, 3 young (3072K), 3 survivors (3072K)
 Metaspace       used 25791K, capacity 26368K, committed 26496K, reserved 1073152K
  class space    used 3366K, capacity 3600K, committed 3712K, reserved 1048576K
}
Event: 9.555 GC heap before
{Heap before GC invocations=9 (full 0):
 garbage-first heap   total 76800K, used 47545K [0x0000000080000000, 0x0000000100000000)
  region size 1024K, 32 young (32768K), 3 survivors (3072K)
 Metaspace       used 28345K, capacity 29062K, committed 29184K, reserved 1075200K
  class space    used 3774K, capacity 4030K, committed 4096K, reserved 1048576K
}
Event: 9.566 GC heap after
{Heap after GC invocations=10 (full 0):
 garbage-first heap   total 76800K, used 19608K [0x0000000080000000, 0x0000000100000000)
  region size 1024K, 3 young (3072K), 3 survivors (3072K)
 Metaspace       used 28345K, capacity 29062K, committed 29184K, reserved 1075200K
  class space    used 3774K, capacity 4030K, committed 4096K, reserved 1048576K
}
Event: 10.882 GC heap before
{Heap before GC invocations=10 (full 0):
 garbage-first heap   total 76800K, used 49304K [0x0000000080000000, 0x0000000100000000)
  region size 1024K, 33 young (33792K), 3 survivors (3072K)
 Metaspace       used 35056K, capacity 35838K, committed 35840K, reserved 1081344K
  class space    used 4538K, capacity 4864K, committed 4864K, reserved 1048576K
}
Event: 10.903 GC heap after
{Heap after GC invocations=11 (full 0):
 garbage-first heap   total 76800K, used 22470K [0x0000000080000000, 0x0000000100000000)
  region size 1024K, 5 young (5120K), 5 survivors (5120K)
 Metaspace       used 35056K, capacity 35838K, committed 35840K, reserved 1081344K
  class space    used 4538K, capacity 4864K, committed 4864K, reserved 1048576K
}
Event: 12.135 GC heap before
{Heap before GC invocations=12 (full 0):
 garbage-first heap   total 76800K, used 53190K [0x0000000080000000, 0x0000000100000000)
  region size 1024K, 35 young (35840K), 5 survivors (5120K)
 Metaspace       used 37186K, capacity 38050K, committed 38272K, reserved 1083392K
  class space    used 4800K, capacity 5127K, committed 5248K, reserved 1048576K
}
Event: 12.164 GC heap after
{Heap after GC invocations=13 (full 0):
 garbage-first heap   total 76800K, used 25774K [0x0000000080000000, 0x0000000100000000)
  region size 1024K, 4 young (4096K), 4 survivors (4096K)
 Metaspace       used 37186K, capacity 38050K, committed 38272K, reserved 1083392K
  class space    used 4800K, capacity 5127K, committed 5248K, reserved 1048576K
}
Event: 13.208 GC heap before
{Heap before GC invocations=13 (full 0):
 garbage-first heap   total 76800K, used 57518K [0x0000000080000000, 0x0000000100000000)
  region size 1024K, 33 young (33792K), 4 survivors (4096K)
 Metaspace       used 39572K, capacity 40503K, committed 40832K, reserved 1085440K
  class space    used 5034K, capacity 5390K, committed 5504K, reserved 1048576K
}
Event: 13.227 GC heap after
{Heap after GC invocations=14 (full 0):
 garbage-first heap   total 92160K, used 27482K [0x0000000080000000, 0x0000000100000000)
  region size 1024K, 3 young (3072K), 3 survivors (3072K)
 Metaspace       used 39572K, capacity 40503K, committed 40832K, reserved 1085440K
  class space    used 5034K, capacity 5390K, committed 5504K, reserved 1048576K
}
Event: 14.201 GC heap before
{Heap before GC invocations=14 (full 0):
 garbage-first heap   total 92160K, used 63322K [0x0000000080000000, 0x0000000100000000)
  region size 1024K, 38 young (38912K), 3 survivors (3072K)
 Metaspace       used 43238K, capacity 44224K, committed 44288K, reserved 1087488K
  class space    used 5498K, capacity 5856K, committed 5888K, reserved 1048576K
}
Event: 14.215 GC heap after
{Heap after GC invocations=15 (full 0):
 garbage-first heap   total 92160K, used 28460K [0x0000000080000000, 0x0000000100000000)
  region size 1024K, 4 young (4096K), 4 survivors (4096K)
 Metaspace       used 43238K, capacity 44224K, committed 44288K, reserved 1087488K
  class space    used 5498K, capacity 5856K, committed 5888K, reserved 1048576K
}
Event: 15.403 GC heap before
{Heap before GC invocations=15 (full 0):
 garbage-first heap   total 92160K, used 66348K [0x0000000080000000, 0x0000000100000000)
  region size 1024K, 41 young (41984K), 4 survivors (4096K)
 Metaspace       used 45981K, capacity 47154K, committed 47360K, reserved 1089536K
  class space    used 5878K, capacity 6301K, committed 6400K, reserved 1048576K
}

